Compilación iniciada a las 21/11/2012 1:58:17.
     1>Proyecto "C:\Users\YESER\Documents\Visual Studio 2010\Projects\copo\copo\copo.vcxproj" en el nodo 2 (build destinos).
     1>InitializeBuildStatus:
         Aplicando tarea Touch a "Debug\copo.unsuccessfulbuild".
       ClCompile:
         c:\Program Files (x86)\Microsoft Visual Studio 10.0\VC\bin\CL.exe /c /ZI /nologo /W3 /WX- /Od /Oy- /D WIN32 /D _DEBUG /D _CONSOLE /D _UNICODE /D UNICODE /Gm /EHsc /RTC1 /MDd /GS /fp:precise /Zc:wchar_t /Zc:forScope /Fo"Debug\\" /Fd"Debug\vc100.pdb" /Gd /TP /analyze- /errorReport:prompt cono.cpp
         cono.cpp
     1>c:\users\yeser\documents\visual studio 2010\projects\copo\copo\cono.cpp(118): warning C4244: '=' : conversión de 'double' a 'float'; posible pérdida de datos
     1>c:\users\yeser\documents\visual studio 2010\projects\copo\copo\cono.cpp(119): warning C4244: '=' : conversión de 'double' a 'float'; posible pérdida de datos
     1>c:\users\yeser\documents\visual studio 2010\projects\copo\copo\cono.cpp(177): warning C4244: '=' : conversión de 'double' a 'float'; posible pérdida de datos
     1>c:\users\yeser\documents\visual studio 2010\projects\copo\copo\cono.cpp(178): warning C4244: '=' : conversión de 'double' a 'float'; posible pérdida de datos
     1>c:\users\yeser\documents\visual studio 2010\projects\copo\copo\cono.cpp(181): warning C4244: '=' : conversión de 'double' a 'float'; posible pérdida de datos
     1>c:\users\yeser\documents\visual studio 2010\projects\copo\copo\cono.cpp(182): warning C4244: '=' : conversión de 'double' a 'float'; posible pérdida de datos
     1>c:\users\yeser\documents\visual studio 2010\projects\copo\copo\cono.cpp(185): warning C4244: '=' : conversión de 'double' a 'float'; posible pérdida de datos
     1>c:\users\yeser\documents\visual studio 2010\projects\copo\copo\cono.cpp(186): warning C4244: '=' : conversión de 'double' a 'float'; posible pérdida de datos
       ManifestResourceCompile:
         Todas las salidas están actualizadas.
       Link:
         c:\Program Files (x86)\Microsoft Visual Studio 10.0\VC\bin\link.exe /ERRORREPORT:PROMPT /OUT:"C:\Users\YESER\Documents\Visual Studio 2010\Projects\copo\Debug\copo.exe" /INCREMENTAL /NOLOGO kernel32.lib user32.lib gdi32.lib winspool.lib comdlg32.lib advapi32.lib shell32.lib ole32.lib oleaut32.lib uuid.lib odbc32.lib odbccp32.lib /MANIFEST /ManifestFile:"Debug\copo.exe.intermediate.manifest" /MANIFESTUAC:"level='asInvoker' uiAccess='false'" /DEBUG /PDB:"C:\Users\YESER\Documents\Visual Studio 2010\Projects\copo\Debug\copo.pdb" /SUBSYSTEM:CONSOLE /TLBID:1 /DYNAMICBASE /NXCOMPAT /IMPLIB:"C:\Users\YESER\Documents\Visual Studio 2010\Projects\copo\Debug\copo.lib" /MACHINE:X86 Debug\copo.exe.embed.manifest.res
         Debug\cono.obj
       Manifest:
         C:\Program Files (x86)\Microsoft SDKs\Windows\v7.0A\bin\mt.exe /nologo /verbose /out:"Debug\copo.exe.embed.manifest" /manifest Debug\copo.exe.intermediate.manifest
         Todas las salidas están actualizadas.
       LinkEmbedManifest:
         Todas las salidas están actualizadas.
         copo.vcxproj -> C:\Users\YESER\Documents\Visual Studio 2010\Projects\copo\Debug\copo.exe
       FinalizeBuildStatus:
         Se eliminará el archivo "Debug\copo.unsuccessfulbuild".
         Aplicando tarea Touch a "Debug\copo.lastbuildstate".
     1>Compilación del proyecto terminada "C:\Users\YESER\Documents\Visual Studio 2010\Projects\copo\copo\copo.vcxproj" (build destinos).

Compilación correcta.

Tiempo transcurrido 00:00:03.21
